[
  {
    "Plan": {
      "Node Type": "Nested Loop",
      "Parallel Aware": false,
      "Async Capable": false,
      "Join Type": "Inner",
      "Startup Cost": 2.31,
      "Total Cost": 811.64,
      "Plan Rows": 100,
      "Plan Width": 20,
      "Actual Startup Time": 0.070,
      "Actual Total Time": 0.277,
      "Actual Rows": 100,
      "Actual Loops": 1,
      "Output": ["table1.id1", "table1.id2", "table1.gen1", "table1.gen2"],
      "Inner Unique": false,
      "Shared Hit Blocks": 401,
      "Shared Read Blocks": 0,
      "Shared Dirtied Blocks": 0,
      "Shared Written Blocks": 0,
      "Local Hit Blocks": 0,
      "Local Read Blocks": 0,
      "Local Dirtied Blocks": 0,
      "Local Written Blocks": 0,
      "Temp Read Blocks": 0,
      "Temp Written Blocks": 0,
      "Plans": [
        {
          "Node Type": "Aggregate",
          "Strategy": "Hashed",
          "Partial Mode": "Simple",
          "Parent Relationship": "Outer",
          "Parallel Aware": false,
          "Async Capable": false,
          "Startup Cost": 1.89,
          "Total Cost": 2.89,
          "Plan Rows": 100,
          "Plan Width": 4,
          "Actual Startup Time": 0.062,
          "Actual Total Time": 0.077,
          "Actual Rows": 100,
          "Actual Loops": 1,
          "Output": ["table2.id1"],
          "Group Key": ["table2.id1"],
          "Planned Partitions": 0,
          "HashAgg Batches": 1,
          "Peak Memory Usage": 24,
          "Disk Usage": 0,
          "Shared Hit Blocks": 1,
          "Shared Read Blocks": 0,
          "Shared Dirtied Blocks": 0,
          "Shared Written Blocks": 0,
          "Local Hit Blocks": 0,
          "Local Read Blocks": 0,
          "Local Dirtied Blocks": 0,
          "Local Written Blocks": 0,
          "Temp Read Blocks": 0,
          "Temp Written Blocks": 0,
          "Plans": [
            {
              "Node Type": "Limit",
              "Parent Relationship": "Outer",
              "Parallel Aware": false,
              "Async Capable": false,
              "Startup Cost": 0.00,
              "Total Cost": 1.64,
              "Plan Rows": 100,
              "Plan Width": 4,
              "Actual Startup Time": 0.013,
              "Actual Total Time": 0.028,
              "Actual Rows": 100,
              "Actual Loops": 1,
              "Output": ["table2.id1"],
              "Shared Hit Blocks": 1,
              "Shared Read Blocks": 0,
              "Shared Dirtied Blocks": 0,
              "Shared Written Blocks": 0,
              "Local Hit Blocks": 0,
              "Local Read Blocks": 0,
              "Local Dirtied Blocks": 0,
              "Local Written Blocks": 0,
              "Temp Read Blocks": 0,
              "Temp Written Blocks": 0,
              "Plans": [
                {
                  "Node Type": "Seq Scan",
                  "Parent Relationship": "Outer",
                  "Parallel Aware": false,
                  "Async Capable": false,
                  "Relation Name": "table2",
                  "Schema": "public",
                  "Alias": "table2",
                  "Startup Cost": 0.00,
                  "Total Cost": 6547.00,
                  "Plan Rows": 400000,
                  "Plan Width": 4,
                  "Actual Startup Time": 0.011,
                  "Actual Total Time": 0.019,
                  "Actual Rows": 100,
                  "Actual Loops": 1,
                  "Output": ["table2.id1"],
                  "Shared Hit Blocks": 1,
                  "Shared Read Blocks": 0,
                  "Shared Dirtied Blocks": 0,
                  "Shared Written Blocks": 0,
                  "Local Hit Blocks": 0,
                  "Local Read Blocks": 0,
                  "Local Dirtied Blocks": 0,
                  "Local Written Blocks": 0,
                  "Temp Read Blocks": 0,
                  "Temp Written Blocks": 0
                }
              ]
            }
          ]
        },
        {
          "Node Type": "Index Scan",
          "Parent Relationship": "Inner",
          "Parallel Aware": false,
          "Async Capable": false,
          "Scan Direction": "Forward",
          "Index Name": "table1_pkey",
          "Relation Name": "table1",
          "Schema": "public",
          "Alias": "table1",
          "Startup Cost": 0.42,
          "Total Cost": 8.08,
          "Plan Rows": 1,
          "Plan Width": 20,
          "Actual Startup Time": 0.001,
          "Actual Total Time": 0.002,
          "Actual Rows": 1,
          "Actual Loops": 100,
          "Output": ["table1.id1", "table1.id2", "table1.gen1", "table1.gen2"],
          "Index Cond": "(table1.id1 = table2.id1)",
          "Rows Removed by Index Recheck": 0,
          "Shared Hit Blocks": 400,
          "Shared Read Blocks": 0,
          "Shared Dirtied Blocks": 0,
          "Shared Written Blocks": 0,
          "Local Hit Blocks": 0,
          "Local Read Blocks": 0,
          "Local Dirtied Blocks": 0,
          "Local Written Blocks": 0,
          "Temp Read Blocks": 0,
          "Temp Written Blocks": 0
        }
      ]
    },
    "Planning": {
      "Shared Hit Blocks": 8,
      "Shared Read Blocks": 0,
      "Shared Dirtied Blocks": 0,
      "Shared Written Blocks": 0,
      "Local Hit Blocks": 0,
      "Local Read Blocks": 0,
      "Local Dirtied Blocks": 0,
      "Local Written Blocks": 0,
      "Temp Read Blocks": 0,
      "Temp Written Blocks": 0
    },
    "Planning Time": 0.196,
    "Triggers": [
    ],
    "Execution Time": 0.335
  }
]