[
  {
    "Plan": {
      "Node Type": "Aggregate",
      "Strategy": "Hashed",
      "Partial Mode": "Simple",
      "Parallel Aware": false,
      "Async Capable": false,
      "Startup Cost": 14523.00,
      "Total Cost": 18085.50,
      "Plan Rows": 200000,
      "Plan Width": 14,
      "Actual Startup Time": 55.793,
      "Actual Total Time": 112.997,
      "Actual Rows": 200000,
      "Actual Loops": 1,
      "Output": ["gen1", "count(*)"],
      "Group Key": ["table1.gen1"],
      "Planned Partitions": 4,
      "HashAgg Batches": 5,
      "Peak Memory Usage": 8241,
      "Disk Usage": 3680,
      "Shared Hit Blocks": 1273,
      "Shared Read Blocks": 0,
      "Shared Dirtied Blocks": 0,
      "Shared Written Blocks": 0,
      "Local Hit Blocks": 0,
      "Local Read Blocks": 0,
      "Local Dirtied Blocks": 0,
      "Local Written Blocks": 0,
      "Temp Read Blocks": 402,
      "Temp Written Blocks": 754,
      "Plans": [
        {
          "Node Type": "Seq Scan",
          "Parent Relationship": "Outer",
          "Parallel Aware": false,
          "Async Capable": false,
          "Relation Name": "table1",
          "Schema": "public",
          "Alias": "table1",
          "Startup Cost": 0.00,
          "Total Cost": 3273.00,
          "Plan Rows": 200000,
          "Plan Width": 6,
          "Actual Startup Time": 0.020,
          "Actual Total Time": 9.056,
          "Actual Rows": 200000,
          "Actual Loops": 1,
          "Output": ["id1", "id2", "gen1", "gen2"],
          "Shared Hit Blocks": 1273,
          "Shared Read Blocks": 0,
          "Shared Dirtied Blocks": 0,
          "Shared Written Blocks": 0,
          "Local Hit Blocks": 0,
          "Local Read Blocks": 0,
          "Local Dirtied Blocks": 0,
          "Local Written Blocks": 0,
          "Temp Read Blocks": 0,
          "Temp Written Blocks": 0
        }
      ]
    },
    "Planning": {
      "Shared Hit Blocks": 11,
      "Shared Read Blocks": 0,
      "Shared Dirtied Blocks": 0,
      "Shared Written Blocks": 0,
      "Local Hit Blocks": 0,
      "Local Read Blocks": 0,
      "Local Dirtied Blocks": 0,
      "Local Written Blocks": 0,
      "Temp Read Blocks": 0,
      "Temp Written Blocks": 0
    },
    "Planning Time": 0.128,
    "Triggers": [
    ],
    "Execution Time": 120.486
  }
]