[
  {
    "Plan": {
      "Node Type": "Hash Join",
      "Parallel Aware": false,
      "Async Capable": false,
      "Join Type": "Inner",
      "Startup Cost": 6945.00,
      "Total Cost": 22852.00,
      "Plan Rows": 200000,
      "Plan Width": 40,
      "Actual Startup Time": 34.661,
      "Actual Total Time": 230.008,
      "Actual Rows": 200000,
      "Actual Loops": 1,
      "Output": ["t1.id1", "t1.id2", "t1.gen1", "t1.gen2", "t2.id1", "t2.id2", "t2.gen1", "t2.gen2"],
      "Inner Unique": false,
      "Hash Cond": "(t2.id1 = t1.id1)",
      "Shared Hit Blocks": 3820,
      "Shared Read Blocks": 0,
      "Shared Dirtied Blocks": 0,
      "Shared Written Blocks": 0,
      "Local Hit Blocks": 0,
      "Local Read Blocks": 0,
      "Local Dirtied Blocks": 0,
      "Local Written Blocks": 0,
      "Temp Read Blocks": 1510,
      "Temp Written Blocks": 1510,
      "Plans": [
        {
          "Node Type": "Seq Scan",
          "Parent Relationship": "Outer",
          "Parallel Aware": false,
          "Async Capable": false,
          "Relation Name": "table2",
          "Schema": "public",
          "Alias": "t2",
          "Startup Cost": 0.00,
          "Total Cost": 6547.00,
          "Plan Rows": 400000,
          "Plan Width": 20,
          "Actual Startup Time": 0.013,
          "Actual Total Time": 21.447,
          "Actual Rows": 400000,
          "Actual Loops": 1,
          "Output": ["t2.id1", "t2.id2", "t2.gen1", "t2.gen2"],
          "Shared Hit Blocks": 2547,
          "Shared Read Blocks": 0,
          "Shared Dirtied Blocks": 0,
          "Shared Written Blocks": 0,
          "Local Hit Blocks": 0,
          "Local Read Blocks": 0,
          "Local Dirtied Blocks": 0,
          "Local Written Blocks": 0,
          "Temp Read Blocks": 0,
          "Temp Written Blocks": 0
        },
        {
          "Node Type": "Hash",
          "Parent Relationship": "Inner",
          "Parallel Aware": false,
          "Async Capable": false,
          "Startup Cost": 3273.00,
          "Total Cost": 3273.00,
          "Plan Rows": 200000,
          "Plan Width": 20,
          "Actual Startup Time": 34.171,
          "Actual Total Time": 34.172,
          "Actual Rows": 200000,
          "Actual Loops": 1,
          "Output": ["t1.id1", "t1.id2", "t1.gen1", "t1.gen2"],
          "Hash Buckets": 131072,
          "Original Hash Buckets": 131072,
          "Hash Batches": 2,
          "Original Hash Batches": 2,
          "Peak Memory Usage": 6193,
          "Shared Hit Blocks": 1273,
          "Shared Read Blocks": 0,
          "Shared Dirtied Blocks": 0,
          "Shared Written Blocks": 0,
          "Local Hit Blocks": 0,
          "Local Read Blocks": 0,
          "Local Dirtied Blocks": 0,
          "Local Written Blocks": 0,
          "Temp Read Blocks": 0,
          "Temp Written Blocks": 498,
          "Plans": [
            {
              "Node Type": "Seq Scan",
              "Parent Relationship": "Outer",
              "Parallel Aware": false,
              "Async Capable": false,
              "Relation Name": "table1",
              "Schema": "public",
              "Alias": "t1",
              "Startup Cost": 0.00,
              "Total Cost": 3273.00,
              "Plan Rows": 200000,
              "Plan Width": 20,
              "Actual Startup Time": 0.017,
              "Actual Total Time": 9.082,
              "Actual Rows": 200000,
              "Actual Loops": 1,
              "Output": ["t1.id1", "t1.id2", "t1.gen1", "t1.gen2"],
              "Shared Hit Blocks": 1273,
              "Shared Read Blocks": 0,
              "Shared Dirtied Blocks": 0,
              "Shared Written Blocks": 0,
              "Local Hit Blocks": 0,
              "Local Read Blocks": 0,
              "Local Dirtied Blocks": 0,
              "Local Written Blocks": 0,
              "Temp Read Blocks": 0,
              "Temp Written Blocks": 0
            }
          ]
        }
      ]
    },
    "Planning": {
      "Shared Hit Blocks": 8,
      "Shared Read Blocks": 0,
      "Shared Dirtied Blocks": 0,
      "Shared Written Blocks": 0,
      "Local Hit Blocks": 0,
      "Local Read Blocks": 0,
      "Local Dirtied Blocks": 0,
      "Local Written Blocks": 0,
      "Temp Read Blocks": 0,
      "Temp Written Blocks": 0
    },
    "Planning Time": 0.204,
    "Triggers": [
    ],
    "Execution Time": 236.546
  }
]